  01预定酒店.c
D:\C_learn\OD_2022_Q4\01预定酒店.c(49,2): warning C4996: 'scanf': This function or variable may be unsafe. Consider using scanf_s instead. To disable deprecation, use _CRT_SECURE_NO_WARNINGS. See online help for details.
D:\C_learn\OD_2022_Q4\01预定酒店.c(53,3): warning C4996: 'scanf': This function or variable may be unsafe. Consider using scanf_s instead. To disable deprecation, use _CRT_SECURE_NO_WARNINGS. See online help for details.
  02整理扑克牌.c
D:\C_learn\OD_2022_Q4\02整理扑克牌.c(15,8): warning C4090: “初始化”: 不同的“const”限定符
D:\C_learn\OD_2022_Q4\02整理扑克牌.c(16,8): warning C4090: “初始化”: 不同的“const”限定符
D:\C_learn\OD_2022_Q4\02整理扑克牌.c(26,8): warning C4090: “初始化”: 不同的“const”限定符
D:\C_learn\OD_2022_Q4\02整理扑克牌.c(27,8): warning C4090: “初始化”: 不同的“const”限定符
D:\C_learn\OD_2022_Q4\02整理扑克牌.c(136,12): warning C4996: 'strtok': This function or variable may be unsafe. Consider using strtok_s instead. To disable deprecation, use _CRT_SECURE_NO_WARNINGS. See online help for details.
D:\C_learn\OD_2022_Q4\02整理扑克牌.c(140,7): warning C4996: 'strtok': This function or variable may be unsafe. Consider using strtok_s instead. To disable deprecation, use _CRT_SECURE_NO_WARNINGS. See online help for details.
  03单入口空闲区域.c
D:\C_learn\OD_2022_Q4\03单入口空闲区域.c(51,5): warning C4996: 'scanf': This function or variable may be unsafe. Consider using scanf_s instead. To disable deprecation, use _CRT_SECURE_NO_WARNINGS. See online help for details.
D:\C_learn\OD_2022_Q4\03单入口空闲区域.c(59,13): warning C4996: 'scanf': This function or variable may be unsafe. Consider using scanf_s instead. To disable deprecation, use _CRT_SECURE_NO_WARNINGS. See online help for details.
  04日志采集系统.c
D:\C_learn\OD_2022_Q4\04日志采集系统.c(17,12): warning C4996: 'strtok': This function or variable may be unsafe. Consider using strtok_s instead. To disable deprecation, use _CRT_SECURE_NO_WARNINGS. See online help for details.
D:\C_learn\OD_2022_Q4\04日志采集系统.c(22,7): warning C4996: 'strtok': This function or variable may be unsafe. Consider using strtok_s instead. To disable deprecation, use _CRT_SECURE_NO_WARNINGS. See online help for details.
  05异常打卡记录.c
D:\C_learn\OD_2022_Q4\05异常打卡记录.c(57,2): warning C4996: 'scanf': This function or variable may be unsafe. Consider using scanf_s instead. To disable deprecation, use _CRT_SECURE_NO_WARNINGS. See online help for details.
D:\C_learn\OD_2022_Q4\05异常打卡记录.c(63,3): warning C4996: 'scanf': This function or variable may be unsafe. Consider using scanf_s instead. To disable deprecation, use _CRT_SECURE_NO_WARNINGS. See online help for details.
D:\C_learn\OD_2022_Q4\05异常打卡记录.c(67,13): warning C4996: 'strtok': This function or variable may be unsafe. Consider using strtok_s instead. To disable deprecation, use _CRT_SECURE_NO_WARNINGS. See online help for details.
D:\C_learn\OD_2022_Q4\05异常打卡记录.c(69,4): warning C4996: 'strcpy': This function or variable may be unsafe. Consider using strcpy_s instead. To disable deprecation, use _CRT_SECURE_NO_WARNINGS. See online help for details.
D:\C_learn\OD_2022_Q4\05异常打卡记录.c(70,8): warning C4996: 'strtok': This function or variable may be unsafe. Consider using strtok_s instead. To disable deprecation, use _CRT_SECURE_NO_WARNINGS. See online help for details.
D:\C_learn\OD_2022_Q4\05异常打卡记录.c(75,3): warning C4996: 'strcpy': This function or variable may be unsafe. Consider using strcpy_s instead. To disable deprecation, use _CRT_SECURE_NO_WARNINGS. See online help for details.
D:\C_learn\OD_2022_Q4\05异常打卡记录.c(76,3): warning C4996: 'strcpy': This function or variable may be unsafe. Consider using strcpy_s instead. To disable deprecation, use _CRT_SECURE_NO_WARNINGS. See online help for details.
  06简单的自动曝光.c
D:\C_learn\OD_2022_Q4\06简单的自动曝光.c(13,15): warning C4996: 'strtok': This function or variable may be unsafe. Consider using strtok_s instead. To disable deprecation, use _CRT_SECURE_NO_WARNINGS. See online help for details.
D:\C_learn\OD_2022_Q4\06简单的自动曝光.c(17,13): warning C4996: 'strtok': This function or variable may be unsafe. Consider using strtok_s instead. To disable deprecation, use _CRT_SECURE_NO_WARNINGS. See online help for details.
  07数组中心位置.c
D:\C_learn\OD_2022_Q4\07数组中心位置.c(14,15): warning C4996: 'strtok': This function or variable may be unsafe. Consider using strtok_s instead. To disable deprecation, use _CRT_SECURE_NO_WARNINGS. See online help for details.
D:\C_learn\OD_2022_Q4\07数组中心位置.c(17,13): warning C4996: 'strtok': This function or variable may be unsafe. Consider using strtok_s instead. To disable deprecation, use _CRT_SECURE_NO_WARNINGS. See online help for details.
  08找数字.c
D:\C_learn\OD_2022_Q4\08找数字.c(60,5): warning C4996: 'scanf': This function or variable may be unsafe. Consider using scanf_s instead. To disable deprecation, use _CRT_SECURE_NO_WARNINGS. See online help for details.
D:\C_learn\OD_2022_Q4\08找数字.c(67,13): warning C4996: 'scanf': This function or variable may be unsafe. Consider using scanf_s instead. To disable deprecation, use _CRT_SECURE_NO_WARNINGS. See online help for details.
  09新员工座位安排系统.c
D:\C_learn\OD_2022_Q4\09新员工座位安排系统.c(56,12): warning C4996: 'strtok': This function or variable may be unsafe. Consider using strtok_s instead. To disable deprecation, use _CRT_SECURE_NO_WARNINGS. See online help for details.
D:\C_learn\OD_2022_Q4\09新员工座位安排系统.c(59,7): warning C4996: 'strtok': This function or variable may be unsafe. Consider using strtok_s instead. To disable deprecation, use _CRT_SECURE_NO_WARNINGS. See online help for details.
  10相同数字的积木游戏1.c
D:\C_learn\OD_2022_Q4\10相同数字的积木游戏1.c(61,2): warning C4996: 'scanf': This function or variable may be unsafe. Consider using scanf_s instead. To disable deprecation, use _CRT_SECURE_NO_WARNINGS. See online help for details.
D:\C_learn\OD_2022_Q4\10相同数字的积木游戏1.c(65,3): warning C4996: 'scanf': This function or variable may be unsafe. Consider using scanf_s instead. To disable deprecation, use _CRT_SECURE_NO_WARNINGS. See online help for details.
  11找出通过车辆最多颜色.c
D:\C_learn\OD_2022_Q4\11找出通过车辆最多颜色.c(51,2): warning C4996: 'scanf': This function or variable may be unsafe. Consider using scanf_s instead. To disable deprecation, use _CRT_SECURE_NO_WARNINGS. See online help for details.
D:\C_learn\OD_2022_Q4\11找出通过车辆最多颜色.c(55,12): warning C4996: 'strtok': This function or variable may be unsafe. Consider using strtok_s instead. To disable deprecation, use _CRT_SECURE_NO_WARNINGS. See online help for details.
D:\C_learn\OD_2022_Q4\11找出通过车辆最多颜色.c(59,7): warning C4996: 'strtok': This function or variable may be unsafe. Consider using strtok_s instead. To disable deprecation, use _CRT_SECURE_NO_WARNINGS. See online help for details.
  12AI处理器嘴和.c
D:\C_learn\OD_2022_Q4\12AI处理器嘴和.c(99,2): warning C4996: 'scanf': This function or variable may be unsafe. Consider using scanf_s instead. To disable deprecation, use _CRT_SECURE_NO_WARNINGS. See online help for details.
D:\C_learn\OD_2022_Q4\12AI处理器嘴和.c(100,2): warning C4996: 'scanf': This function or variable may be unsafe. Consider using scanf_s instead. To disable deprecation, use _CRT_SECURE_NO_WARNINGS. See online help for details.
D:\C_learn\OD_2022_Q4\12AI处理器嘴和.c(104,12): warning C4996: 'strtok': This function or variable may be unsafe. Consider using strtok_s instead. To disable deprecation, use _CRT_SECURE_NO_WARNINGS. See online help for details.
D:\C_learn\OD_2022_Q4\12AI处理器嘴和.c(117,7): warning C4996: 'strtok': This function or variable may be unsafe. Consider using strtok_s instead. To disable deprecation, use _CRT_SECURE_NO_WARNINGS. See online help for details.
  13光伏场地建设规划.c
D:\C_learn\OD_2022_Q4\13光伏场地建设规划.c(20,2): warning C4996: 'scanf': This function or variable may be unsafe. Consider using scanf_s instead. To disable deprecation, use _CRT_SECURE_NO_WARNINGS. See online help for details.
D:\C_learn\OD_2022_Q4\13光伏场地建设规划.c(26,5): warning C4996: 'scanf': This function or variable may be unsafe. Consider using scanf_s instead. To disable deprecation, use _CRT_SECURE_NO_WARNINGS. See online help for details.
  14字符串重新排序.c
D:\C_learn\OD_2022_Q4\14字符串重新排序.c(18,8): warning C4090: “初始化”: 不同的“const”限定符
D:\C_learn\OD_2022_Q4\14字符串重新排序.c(19,8): warning C4090: “初始化”: 不同的“const”限定符
D:\C_learn\OD_2022_Q4\14字符串重新排序.c(26,24): warning C4267: “return”: 从“size_t”转换到“int”，可能丢失数据
D:\C_learn\OD_2022_Q4\14字符串重新排序.c(24,8): warning C4090: “初始化”: 不同的“const”限定符
D:\C_learn\OD_2022_Q4\14字符串重新排序.c(25,8): warning C4090: “初始化”: 不同的“const”限定符
D:\C_learn\OD_2022_Q4\14字符串重新排序.c(30,8): warning C4090: “初始化”: 不同的“const”限定符
D:\C_learn\OD_2022_Q4\14字符串重新排序.c(31,8): warning C4090: “初始化”: 不同的“const”限定符
D:\C_learn\OD_2022_Q4\14字符串重新排序.c(52,2): warning C4996: 'strcpy': This function or variable may be unsafe. Consider using strcpy_s instead. To disable deprecation, use _CRT_SECURE_NO_WARNINGS. See online help for details.
D:\C_learn\OD_2022_Q4\14字符串重新排序.c(68,5): warning C4996: 'strcpy': This function or variable may be unsafe. Consider using strcpy_s instead. To disable deprecation, use _CRT_SECURE_NO_WARNINGS. See online help for details.
D:\C_learn\OD_2022_Q4\14字符串重新排序.c(117,12): warning C4996: 'strtok': This function or variable may be unsafe. Consider using strtok_s instead. To disable deprecation, use _CRT_SECURE_NO_WARNINGS. See online help for details.
D:\C_learn\OD_2022_Q4\14字符串重新排序.c(120,3): warning C4996: 'strcpy': This function or variable may be unsafe. Consider using strcpy_s instead. To disable deprecation, use _CRT_SECURE_NO_WARNINGS. See online help for details.
D:\C_learn\OD_2022_Q4\14字符串重新排序.c(121,7): warning C4996: 'strtok': This function or variable may be unsafe. Consider using strtok_s instead. To disable deprecation, use _CRT_SECURE_NO_WARNINGS. See online help for details.
  17最大软件版本号.c
D:\C_learn\OD_2022_Q4\17最大软件版本号.c(26,13): warning C4996: 'strtok': This function or variable may be unsafe. Consider using strtok_s instead. To disable deprecation, use _CRT_SECURE_NO_WARNINGS. See online help for details.
D:\C_learn\OD_2022_Q4\17最大软件版本号.c(27,13): warning C4996: 'strtok': This function or variable may be unsafe. Consider using strtok_s instead. To disable deprecation, use _CRT_SECURE_NO_WARNINGS. See online help for details.
D:\C_learn\OD_2022_Q4\17最大软件版本号.c(31,8): warning C4996: 'strtok': This function or variable may be unsafe. Consider using strtok_s instead. To disable deprecation, use _CRT_SECURE_NO_WARNINGS. See online help for details.
D:\C_learn\OD_2022_Q4\17最大软件版本号.c(32,8): warning C4996: 'strtok': This function or variable may be unsafe. Consider using strtok_s instead. To disable deprecation, use _CRT_SECURE_NO_WARNINGS. See online help for details.
D:\C_learn\OD_2022_Q4\17最大软件版本号.c(34,2): warning C4996: 'strcpy': This function or variable may be unsafe. Consider using strcpy_s instead. To disable deprecation, use _CRT_SECURE_NO_WARNINGS. See online help for details.
D:\C_learn\OD_2022_Q4\17最大软件版本号.c(35,2): warning C4996: 'strcpy': This function or variable may be unsafe. Consider using strcpy_s instead. To disable deprecation, use _CRT_SECURE_NO_WARNINGS. See online help for details.
  16通信误码.c
D:\C_learn\OD_2022_Q4\16通信误码.c(14,8): warning C4090: “初始化”: 不同的“const”限定符
D:\C_learn\OD_2022_Q4\16通信误码.c(15,8): warning C4090: “初始化”: 不同的“const”限定符
D:\C_learn\OD_2022_Q4\16通信误码.c(87,2): warning C4996: 'scanf': This function or variable may be unsafe. Consider using scanf_s instead. To disable deprecation, use _CRT_SECURE_NO_WARNINGS. See online help for details.
D:\C_learn\OD_2022_Q4\16通信误码.c(89,3): warning C4996: 'scanf': This function or variable may be unsafe. Consider using scanf_s instead. To disable deprecation, use _CRT_SECURE_NO_WARNINGS. See online help for details.
  正在生成代码...
02整理扑克牌.obj : error LNK2005: main 已经在 01预定酒店.obj 中定义
03单入口空闲区域.obj : error LNK2005: main 已经在 01预定酒店.obj 中定义
04日志采集系统.obj : error LNK2005: main 已经在 01预定酒店.obj 中定义
05异常打卡记录.obj : error LNK2005: main 已经在 01预定酒店.obj 中定义
06简单的自动曝光.obj : error LNK2005: main 已经在 01预定酒店.obj 中定义
07数组中心位置.obj : error LNK2005: main 已经在 01预定酒店.obj 中定义
08找数字.obj : error LNK2005: main 已经在 01预定酒店.obj 中定义
09新员工座位安排系统.obj : error LNK2005: main 已经在 01预定酒店.obj 中定义
10相同数字的积木游戏1.obj : error LNK2005: main 已经在 01预定酒店.obj 中定义
10相同数字的积木游戏1.obj : error LNK2005: qk_s 已经在 02整理扑克牌.obj 中定义
10相同数字的积木游戏1.obj : error LNK2005: solve 已经在 02整理扑克牌.obj 中定义
11找出通过车辆最多颜色.obj : error LNK2005: main 已经在 01预定酒店.obj 中定义
11找出通过车辆最多颜色.obj : error LNK2005: qk_s 已经在 02整理扑克牌.obj 中定义
12AI处理器嘴和.obj : error LNK2005: main 已经在 01预定酒店.obj 中定义
12AI处理器嘴和.obj : error LNK2005: solve 已经在 02整理扑克牌.obj 中定义
13光伏场地建设规划.obj : error LNK2005: main 已经在 01预定酒店.obj 中定义
14字符串重新排序.obj : error LNK2005: main 已经在 01预定酒店.obj 中定义
17最大软件版本号.obj : error LNK2005: main 已经在 01预定酒店.obj 中定义
16通信误码.obj : error LNK2005: main 已经在 01预定酒店.obj 中定义
16通信误码.obj : error LNK2005: qk_s 已经在 02整理扑克牌.obj 中定义
D:\C_learn\OD_2022_Q4\x64\Debug\OD_2022_Q4.exe : fatal error LNK1169: 找到一个或多个多重定义的符号
